2020-12-13 21:20:50,752 [Worker-1: Loading available Gradle versions] INFO  o.e.b.c.i.u.g.PublishedGradleVersions - Gradle version information cache is out-of-date. Trying to update.
2020-12-13 21:21:46,748 [Worker-5: Importing Maven projects] INFO  o.e.m.c.i.l.LifecycleMappingFactory - Using org.eclipse.m2e.jdt.JarLifecycleMapping lifecycle mapping for MavenProject: fr.imt.lgi2p.pcmd:pcmd:0.0.1-SNAPSHOT @ C:\Users\Jules\Desktop\DevWebAdH\DevWebAvance\pcmd\pom.xml.
2020-12-13 21:21:50,075 [Worker-5: Importing Maven projects] INFO  o.e.m.j.i.AbstractJavaProjectConfigurator - Adding source folder /pcmd/src/main/java
2020-12-13 21:21:50,076 [Worker-5: Importing Maven projects] INFO  o.e.m.j.i.AbstractJavaProjectConfigurator - Adding resource folder /pcmd/src/main/resources
2020-12-13 21:21:50,091 [Worker-5: Importing Maven projects] INFO  o.e.m.j.i.AbstractJavaProjectConfigurator - Adding resource folder /pcmd/src/main/resources
2020-12-13 21:21:50,105 [Worker-5: Importing Maven projects] INFO  o.e.m.j.i.AbstractJavaProjectConfigurator - Adding source folder /pcmd/src/test/java
2020-12-13 21:21:51,546 [Worker-5: Importing Maven projects] INFO  o.e.m.c.i.p.ProjectConfigurationManager - Imported and configured 1 project(s) in 11 sec
2020-12-13 21:21:55,209 [Worker-8: Building] INFO  o.e.m.c.i.embedder.EclipseLogger - Using 'UTF-8' encoding to copy filtered resources.
2020-12-13 21:21:55,217 [Worker-8: Building] INFO  o.e.m.c.i.embedder.EclipseLogger - Copying 1 resource
2020-12-13 21:21:55,276 [Worker-8: Building] INFO  o.e.m.c.i.embedder.EclipseLogger - Copying 0 resource
2020-12-13 21:21:55,279 [Worker-8: Building] INFO  o.e.m.c.i.embedder.EclipseLogger - Using 'UTF-8' encoding to copy filtered resources.
2020-12-13 21:21:55,280 [Worker-8: Building] INFO  o.e.m.c.i.embedder.EclipseLogger - skip non existing resourceDirectory C:\Users\Jules\Desktop\DevWebAdH\DevWebAvance\pcmd\src\test\resources
2020-12-13 21:21:59,056 [Worker-7: Building] INFO  o.e.m.c.i.embedder.EclipseLogger - Using 'UTF-8' encoding to copy filtered resources.
2020-12-13 21:21:59,058 [Worker-7: Building] INFO  o.e.m.c.i.embedder.EclipseLogger - Copying 0 resource
2020-12-13 21:21:59,058 [Worker-7: Building] INFO  o.e.m.c.i.embedder.EclipseLogger - Copying 0 resource
2020-12-13 21:21:59,060 [Worker-7: Building] INFO  o.e.m.c.i.embedder.EclipseLogger - Using 'UTF-8' encoding to copy filtered resources.
2020-12-13 21:21:59,060 [Worker-7: Building] INFO  o.e.m.c.i.embedder.EclipseLogger - skip non existing resourceDirectory C:\Users\Jules\Desktop\DevWebAdH\DevWebAvance\pcmd\src\test\resources
2020-12-14 14:21:37,381 [Worker-50: Building] INFO  o.e.m.c.i.embedder.EclipseLogger - Using 'UTF-8' encoding to copy filtered resources.
2020-12-14 14:21:37,386 [Worker-50: Building] INFO  o.e.m.c.i.embedder.EclipseLogger - Copying 1 resource
2020-12-14 14:21:37,393 [Worker-50: Building] INFO  o.e.m.c.i.embedder.EclipseLogger - Copying 0 resource
2020-12-14 14:21:37,395 [Worker-50: Building] INFO  o.e.m.c.i.embedder.EclipseLogger - Using 'UTF-8' encoding to copy filtered resources.
2020-12-14 14:21:37,395 [Worker-50: Building] INFO  o.e.m.c.i.embedder.EclipseLogger - skip non existing resourceDirectory C:\Users\Jules\Desktop\DevWebAdH\DevWebAvance\pcmd\src\test\resources
2020-12-14 14:24:04,941 [Worker-52: Building] INFO  o.e.m.c.i.embedder.EclipseLogger - Using 'UTF-8' encoding to copy filtered resources.
2020-12-14 14:24:04,942 [Worker-52: Building] INFO  o.e.m.c.i.embedder.EclipseLogger - Copying 1 resource
2020-12-14 14:24:04,945 [Worker-52: Building] INFO  o.e.m.c.i.embedder.EclipseLogger - Copying 0 resource
2020-12-14 14:24:04,947 [Worker-52: Building] INFO  o.e.m.c.i.embedder.EclipseLogger - Using 'UTF-8' encoding to copy filtered resources.
2020-12-14 14:24:04,947 [Worker-52: Building] INFO  o.e.m.c.i.embedder.EclipseLogger - skip non existing resourceDirectory C:\Users\Jules\Desktop\DevWebAdH\DevWebAvance\pcmd\src\test\resources
2020-12-14 14:38:11,131 [Worker-59: Launching PcmdApplication] INFO  o.e.m.c.i.embedder.EclipseLogger - Using 'UTF-8' encoding to copy filtered resources.
2020-12-14 14:38:11,132 [Worker-59: Launching PcmdApplication] INFO  o.e.m.c.i.embedder.EclipseLogger - Copying 1 resource
2020-12-14 14:38:11,136 [Worker-59: Launching PcmdApplication] INFO  o.e.m.c.i.embedder.EclipseLogger - Copying 0 resource
2020-12-14 14:38:11,138 [Worker-59: Launching PcmdApplication] INFO  o.e.m.c.i.embedder.EclipseLogger - Using 'UTF-8' encoding to copy filtered resources.
2020-12-14 14:38:11,138 [Worker-59: Launching PcmdApplication] INFO  o.e.m.c.i.embedder.EclipseLogger - skip non existing resourceDirectory C:\Users\Jules\Desktop\DevWebAdH\DevWebAvance\pcmd\src\test\resources
2020-12-14 14:48:51,548 [Worker-70: Launching PcmdApplication] INFO  o.e.m.c.i.embedder.EclipseLogger - Using 'UTF-8' encoding to copy filtered resources.
2020-12-14 14:48:51,549 [Worker-70: Launching PcmdApplication] INFO  o.e.m.c.i.embedder.EclipseLogger - Copying 1 resource
2020-12-14 14:48:51,553 [Worker-70: Launching PcmdApplication] INFO  o.e.m.c.i.embedder.EclipseLogger - Copying 0 resource
2020-12-14 14:48:51,556 [Worker-70: Launching PcmdApplication] INFO  o.e.m.c.i.embedder.EclipseLogger - Using 'UTF-8' encoding to copy filtered resources.
2020-12-14 14:48:51,556 [Worker-70: Launching PcmdApplication] INFO  o.e.m.c.i.embedder.EclipseLogger - skip non existing resourceDirectory C:\Users\Jules\Desktop\DevWebAdH\DevWebAvance\pcmd\src\test\resources
2020-12-14 14:50:51,659 [Worker-74: Launching PcmdApplication] INFO  o.e.m.c.i.embedder.EclipseLogger - Using 'UTF-8' encoding to copy filtered resources.
2020-12-14 14:50:51,660 [Worker-74: Launching PcmdApplication] INFO  o.e.m.c.i.embedder.EclipseLogger - Copying 1 resource
2020-12-14 14:50:51,663 [Worker-74: Launching PcmdApplication] INFO  o.e.m.c.i.embedder.EclipseLogger - Copying 0 resource
2020-12-14 14:50:51,666 [Worker-74: Launching PcmdApplication] INFO  o.e.m.c.i.embedder.EclipseLogger - Using 'UTF-8' encoding to copy filtered resources.
2020-12-14 14:50:51,666 [Worker-74: Launching PcmdApplication] INFO  o.e.m.c.i.embedder.EclipseLogger - skip non existing resourceDirectory C:\Users\Jules\Desktop\DevWebAdH\DevWebAvance\pcmd\src\test\resources
2020-12-14 14:52:19,752 [Worker-75: Launching PcmdApplication] INFO  o.e.m.c.i.embedder.EclipseLogger - Using 'UTF-8' encoding to copy filtered resources.
2020-12-14 14:52:19,753 [Worker-75: Launching PcmdApplication] INFO  o.e.m.c.i.embedder.EclipseLogger - Copying 1 resource
2020-12-14 14:52:19,756 [Worker-75: Launching PcmdApplication] INFO  o.e.m.c.i.embedder.EclipseLogger - Copying 0 resource
2020-12-14 14:52:19,760 [Worker-75: Launching PcmdApplication] INFO  o.e.m.c.i.embedder.EclipseLogger - Using 'UTF-8' encoding to copy filtered resources.
2020-12-14 14:52:19,761 [Worker-75: Launching PcmdApplication] INFO  o.e.m.c.i.embedder.EclipseLogger - skip non existing resourceDirectory C:\Users\Jules\Desktop\DevWebAdH\DevWebAvance\pcmd\src\test\resources
2020-12-14 15:02:20,096 [Worker-74: Launching PcmdApplication] INFO  o.e.m.c.i.embedder.EclipseLogger - Using 'UTF-8' encoding to copy filtered resources.
2020-12-14 15:02:20,098 [Worker-74: Launching PcmdApplication] INFO  o.e.m.c.i.embedder.EclipseLogger - Copying 1 resource
2020-12-14 15:02:20,101 [Worker-74: Launching PcmdApplication] INFO  o.e.m.c.i.embedder.EclipseLogger - Copying 0 resource
2020-12-14 15:02:20,102 [Worker-74: Launching PcmdApplication] INFO  o.e.m.c.i.embedder.EclipseLogger - Using 'UTF-8' encoding to copy filtered resources.
2020-12-14 15:02:20,102 [Worker-74: Launching PcmdApplication] INFO  o.e.m.c.i.embedder.EclipseLogger - skip non existing resourceDirectory C:\Users\Jules\Desktop\DevWebAdH\DevWebAvance\pcmd\src\test\resources
2020-12-14 15:03:38,447 [Worker-79: Launching PcmdApplication] INFO  o.e.m.c.i.embedder.EclipseLogger - Using 'UTF-8' encoding to copy filtered resources.
2020-12-14 15:03:38,448 [Worker-79: Launching PcmdApplication] INFO  o.e.m.c.i.embedder.EclipseLogger - Copying 1 resource
2020-12-14 15:03:38,450 [Worker-79: Launching PcmdApplication] INFO  o.e.m.c.i.embedder.EclipseLogger - Copying 0 resource
2020-12-14 15:03:38,452 [Worker-79: Launching PcmdApplication] INFO  o.e.m.c.i.embedder.EclipseLogger - Using 'UTF-8' encoding to copy filtered resources.
2020-12-14 15:03:38,452 [Worker-79: Launching PcmdApplication] INFO  o.e.m.c.i.embedder.EclipseLogger - skip non existing resourceDirectory C:\Users\Jules\Desktop\DevWebAdH\DevWebAvance\pcmd\src\test\resources
2020-12-14 15:06:52,768 [Worker-76: Launching PcmdApplication] INFO  o.e.m.c.i.embedder.EclipseLogger - Using 'UTF-8' encoding to copy filtered resources.
2020-12-14 15:06:52,769 [Worker-76: Launching PcmdApplication] INFO  o.e.m.c.i.embedder.EclipseLogger - Copying 1 resource
2020-12-14 15:06:52,771 [Worker-76: Launching PcmdApplication] INFO  o.e.m.c.i.embedder.EclipseLogger - Copying 0 resource
2020-12-14 15:06:52,773 [Worker-76: Launching PcmdApplication] INFO  o.e.m.c.i.embedder.EclipseLogger - Using 'UTF-8' encoding to copy filtered resources.
2020-12-14 15:06:52,773 [Worker-76: Launching PcmdApplication] INFO  o.e.m.c.i.embedder.EclipseLogger - skip non existing resourceDirectory C:\Users\Jules\Desktop\DevWebAdH\DevWebAvance\pcmd\src\test\resources
2020-12-14 15:10:41,544 [Worker-82: Launching PcmdApplication] INFO  o.e.m.c.i.embedder.EclipseLogger - Using 'UTF-8' encoding to copy filtered resources.
2020-12-14 15:10:41,545 [Worker-82: Launching PcmdApplication] INFO  o.e.m.c.i.embedder.EclipseLogger - Copying 1 resource
2020-12-14 15:10:41,548 [Worker-82: Launching PcmdApplication] INFO  o.e.m.c.i.embedder.EclipseLogger - Copying 0 resource
2020-12-14 15:10:41,551 [Worker-82: Launching PcmdApplication] INFO  o.e.m.c.i.embedder.EclipseLogger - Using 'UTF-8' encoding to copy filtered resources.
2020-12-14 15:10:41,552 [Worker-82: Launching PcmdApplication] INFO  o.e.m.c.i.embedder.EclipseLogger - skip non existing resourceDirectory C:\Users\Jules\Desktop\DevWebAdH\DevWebAvance\pcmd\src\test\resources
2020-12-14 15:14:42,150 [Worker-83: Launching PcmdApplication] INFO  o.e.m.c.i.embedder.EclipseLogger - Using 'UTF-8' encoding to copy filtered resources.
2020-12-14 15:14:42,151 [Worker-83: Launching PcmdApplication] INFO  o.e.m.c.i.embedder.EclipseLogger - Copying 1 resource
2020-12-14 15:14:42,155 [Worker-83: Launching PcmdApplication] INFO  o.e.m.c.i.embedder.EclipseLogger - Copying 0 resource
2020-12-14 15:14:42,156 [Worker-83: Launching PcmdApplication] INFO  o.e.m.c.i.embedder.EclipseLogger - Using 'UTF-8' encoding to copy filtered resources.
2020-12-14 15:14:42,156 [Worker-83: Launching PcmdApplication] INFO  o.e.m.c.i.embedder.EclipseLogger - skip non existing resourceDirectory C:\Users\Jules\Desktop\DevWebAdH\DevWebAvance\pcmd\src\test\resources
2020-12-14 15:25:52,944 [Worker-88: Launching PcmdApplication] INFO  o.e.m.c.i.embedder.EclipseLogger - Using 'UTF-8' encoding to copy filtered resources.
2020-12-14 15:25:52,945 [Worker-88: Launching PcmdApplication] INFO  o.e.m.c.i.embedder.EclipseLogger - Copying 1 resource
2020-12-14 15:25:52,947 [Worker-88: Launching PcmdApplication] INFO  o.e.m.c.i.embedder.EclipseLogger - Copying 0 resource
2020-12-14 15:25:52,949 [Worker-88: Launching PcmdApplication] INFO  o.e.m.c.i.embedder.EclipseLogger - Using 'UTF-8' encoding to copy filtered resources.
2020-12-14 15:25:52,949 [Worker-88: Launching PcmdApplication] INFO  o.e.m.c.i.embedder.EclipseLogger - skip non existing resourceDirectory C:\Users\Jules\Desktop\DevWebAdH\DevWebAvance\pcmd\src\test\resources
2020-12-14 15:27:16,242 [Worker-88: Launching PcmdApplication] INFO  o.e.m.c.i.embedder.EclipseLogger - Using 'UTF-8' encoding to copy filtered resources.
2020-12-14 15:27:16,243 [Worker-88: Launching PcmdApplication] INFO  o.e.m.c.i.embedder.EclipseLogger - Copying 1 resource
2020-12-14 15:27:16,246 [Worker-88: Launching PcmdApplication] INFO  o.e.m.c.i.embedder.EclipseLogger - Copying 0 resource
2020-12-14 15:27:16,248 [Worker-88: Launching PcmdApplication] INFO  o.e.m.c.i.embedder.EclipseLogger - Using 'UTF-8' encoding to copy filtered resources.
2020-12-14 15:27:16,248 [Worker-88: Launching PcmdApplication] INFO  o.e.m.c.i.embedder.EclipseLogger - skip non existing resourceDirectory C:\Users\Jules\Desktop\DevWebAdH\DevWebAvance\pcmd\src\test\resources
2020-12-14 15:29:00,000 [Worker-90: Building] INFO  o.e.m.c.i.embedder.EclipseLogger - Using 'UTF-8' encoding to copy filtered resources.
2020-12-14 15:29:00,001 [Worker-90: Building] INFO  o.e.m.c.i.embedder.EclipseLogger - Copying 1 resource
2020-12-14 15:29:00,003 [Worker-90: Building] INFO  o.e.m.c.i.embedder.EclipseLogger - Copying 0 resource
2020-12-14 15:29:00,005 [Worker-90: Building] INFO  o.e.m.c.i.embedder.EclipseLogger - Using 'UTF-8' encoding to copy filtered resources.
2020-12-14 15:29:00,005 [Worker-90: Building] INFO  o.e.m.c.i.embedder.EclipseLogger - skip non existing resourceDirectory C:\Users\Jules\Desktop\DevWebAdH\DevWebAvance\pcmd\src\test\resources
2020-12-14 15:34:02,992 [Worker-95: Launching PcmdApplication] INFO  o.e.m.c.i.embedder.EclipseLogger - Using 'UTF-8' encoding to copy filtered resources.
2020-12-14 15:34:02,993 [Worker-95: Launching PcmdApplication] INFO  o.e.m.c.i.embedder.EclipseLogger - Copying 1 resource
2020-12-14 15:34:02,995 [Worker-95: Launching PcmdApplication] INFO  o.e.m.c.i.embedder.EclipseLogger - Copying 0 resource
2020-12-14 15:34:02,997 [Worker-95: Launching PcmdApplication] INFO  o.e.m.c.i.embedder.EclipseLogger - Using 'UTF-8' encoding to copy filtered resources.
2020-12-14 15:34:02,997 [Worker-95: Launching PcmdApplication] INFO  o.e.m.c.i.embedder.EclipseLogger - skip non existing resourceDirectory C:\Users\Jules\Desktop\DevWebAdH\DevWebAvance\pcmd\src\test\resources
2020-12-14 15:43:59,727 [Worker-94: Launching PcmdApplication] INFO  o.e.m.c.i.embedder.EclipseLogger - Using 'UTF-8' encoding to copy filtered resources.
2020-12-14 15:43:59,728 [Worker-94: Launching PcmdApplication] INFO  o.e.m.c.i.embedder.EclipseLogger - Copying 1 resource
2020-12-14 15:43:59,730 [Worker-94: Launching PcmdApplication] INFO  o.e.m.c.i.embedder.EclipseLogger - Copying 0 resource
2020-12-14 15:43:59,731 [Worker-94: Launching PcmdApplication] INFO  o.e.m.c.i.embedder.EclipseLogger - Using 'UTF-8' encoding to copy filtered resources.
2020-12-14 15:43:59,731 [Worker-94: Launching PcmdApplication] INFO  o.e.m.c.i.embedder.EclipseLogger - skip non existing resourceDirectory C:\Users\Jules\Desktop\DevWebAdH\DevWebAvance\pcmd\src\test\resources
2020-12-14 17:19:41,079 [Worker-101: Building] INFO  o.e.m.c.i.embedder.EclipseLogger - Using 'UTF-8' encoding to copy filtered resources.
2020-12-14 17:19:41,080 [Worker-101: Building] INFO  o.e.m.c.i.embedder.EclipseLogger - Copying 1 resource
2020-12-14 17:19:41,082 [Worker-101: Building] INFO  o.e.m.c.i.embedder.EclipseLogger - Copying 0 resource
2020-12-14 17:19:41,083 [Worker-101: Building] INFO  o.e.m.c.i.embedder.EclipseLogger - Using 'UTF-8' encoding to copy filtered resources.
2020-12-14 17:19:41,083 [Worker-101: Building] INFO  o.e.m.c.i.embedder.EclipseLogger - skip non existing resourceDirectory C:\Users\Jules\Desktop\DevWebAdH\DevWebAvance\pcmd\src\test\resources
2020-12-14 17:19:42,151 [Worker-103: Building] INFO  o.e.m.c.i.embedder.EclipseLogger - Using 'UTF-8' encoding to copy filtered resources.
2020-12-14 17:19:42,152 [Worker-103: Building] INFO  o.e.m.c.i.embedder.EclipseLogger - Copying 1 resource
2020-12-14 17:19:42,154 [Worker-103: Building] INFO  o.e.m.c.i.embedder.EclipseLogger - Copying 0 resource
2020-12-14 17:19:42,156 [Worker-103: Building] INFO  o.e.m.c.i.embedder.EclipseLogger - Using 'UTF-8' encoding to copy filtered resources.
2020-12-14 17:19:42,156 [Worker-103: Building] INFO  o.e.m.c.i.embedder.EclipseLogger - skip non existing resourceDirectory C:\Users\Jules\Desktop\DevWebAdH\DevWebAvance\pcmd\src\test\resources
